app/build/outputs/logs/manifest-merger-debug-report.txt
-- Merging decision tree log ---
manifest
ADDED from src\main\AndroidManifest.xml:2:1-121:12
	package
		ADDED from src\main\AndroidManifest.xml:3:5-38
		INJECTED from src\main\AndroidManifest.xml
		INJECTED from src\main\AndroidManifest.xml
	android:versionName
		ADDED from src\main\AndroidManifest.xml:5:5-30
		INJECTED from src\main\AndroidManifest.xml
		INJECTED from src\main\AndroidManifest.xml
	android:versionCode
		ADDED from src\main\AndroidManifest.xml:4:5-28
		INJECTED from src\main\AndroidManifest.xml
		INJECTED from src\main\AndroidManifest.xml
	xmlns:android
		ADDED from src\main\AndroidManifest.xml:2:11-69
uses-sdk
ADDED from src\main\AndroidManifest.xml:7:5-44
	android:targetSdkVersion
		INJECTED from src\main\AndroidManifest.xml
		INJECTED from src\main\AndroidManifest.xml
	android:minSdkVersion
		ADDED from src\main\AndroidManifest.xml:7:15-41
		INJECTED from src\main\AndroidManifest.xml
		INJECTED from src\main\AndroidManifest.xml
original-package
ADDED from src\main\AndroidManifest.xml:9:5-64
	android:name
		ADDED from src\main\AndroidManifest.xml:9:23-61
uses-permission#android.permission.RECEIVE_BOOT_COMPLETED
ADDED from src\main\AndroidManifest.xml:11:5-81
	android:name
		ADDED from src\main\AndroidManifest.xml:11:22-78
uses-permission#android.permission.WAKE_LOCK
ADDED from src\main\AndroidManifest.xml:12:5-67
	android:name
		ADDED from src\main\AndroidManifest.xml:12:22-65
uses-permission#android.permission.VIBRATE
ADDED from src\main\AndroidManifest.xml:13:5-65
	android:name
		ADDED from src\main\AndroidManifest.xml:13:22-63
uses-permission#android.permission.WRITE_SETTINGS
ADDED from src\main\AndroidManifest.xml:14:5-73
	android:name
		ADDED from src\main\AndroidManifest.xml:14:22-70
uses-permission#android.permission.DISABLE_KEYGUARD
ADDED from src\main\AndroidManifest.xml:15:5-75
	android:name
		ADDED from src\main\AndroidManifest.xml:15:22-72
uses-permission#android.permission.READ_PHONE_STATE
ADDED from src\main\AndroidManifest.xml:16:5-75
	android:name
		ADDED from src\main\AndroidManifest.xml:16:22-72
uses-permission#android.permission.DEVICE_POWER
ADDED from src\main\AndroidManifest.xml:17:5-71
	android:name
		ADDED from src\main\AndroidManifest.xml:17:22-68
application
ADDED from src\main\AndroidManifest.xml:19:5-119:19
	android:label
		ADDED from src\main\AndroidManifest.xml:21:9-41
	android:icon
		ADDED from src\main\AndroidManifest.xml:20:9-48
provider#com.cn.daming.deskclock.AlarmProvider
ADDED from src\main\AndroidManifest.xml:23:9-25:44
	android:authorities
		ADDED from src\main\AndroidManifest.xml:24:17-62
	android:exported
		ADDED from src\main\AndroidManifest.xml:25:17-41
	android:name
		ADDED from src\main\AndroidManifest.xml:23:19-47
activity#com.cn.daming.deskclock.DeskClockMainActivity
ADDED from src\main\AndroidManifest.xml:27:9-44:20
	android:label
		ADDED from src\main\AndroidManifest.xml:28:13-45
	android:launchMode
		ADDED from src\main\AndroidManifest.xml:32:13-44
	android:configChanges
		ADDED from src\main\AndroidManifest.xml:33:13-83
	android:icon
		ADDED from src\main\AndroidManifest.xml:30:13-52
	android:theme
		ADDED from src\main\AndroidManifest.xml:31:13-70
	android:name
		ADDED from src\main\AndroidManifest.xml:29:13-50
meta-data#android.dock_home
ADDED from src\main\AndroidManifest.xml:36:13-80
	android:value
		ADDED from src\main\AndroidManifest.xml:36:57-77
	android:name
		ADDED from src\main\AndroidManifest.xml:36:24-56
intent-filter#android.intent.action.MAIN+android.intent.category.DESK_DOCK+android.intent.category.LAUNCHER
ADDED from src\main\AndroidManifest.xml:38:13-43:29
action#android.intent.action.MAIN
ADDED from src\main\AndroidManifest.xml:39:17-69
	android:name
		ADDED from src\main\AndroidManifest.xml:39:25-66
category#android.intent.category.DESK_DOCK
ADDED from src\main\AndroidManifest.xml:40:17-78
	android:name
		ADDED from src\main\AndroidManifest.xml:40:27-75
category#android.intent.category.LAUNCHER
ADDED from src\main\AndroidManifest.xml:42:17-77
	android:name
		ADDED from src\main\AndroidManifest.xml:42:27-74
activity#com.cn.daming.deskclock.SetBackGround
ADDED from src\main\AndroidManifest.xml:46:9-49:78
	android:screenOrientation
		ADDED from src\main\AndroidManifest.xml:48:17-53
	android:label
		ADDED from src\main\AndroidManifest.xml:47:17-55
	android:configChanges
		ADDED from src\main\AndroidManifest.xml:49:17-75
	android:name
		ADDED from src\main\AndroidManifest.xml:46:19-47
activity#com.cn.daming.deskclock.SetAlarm
ADDED from src\main\AndroidManifest.xml:51:9-52:90
	android:label
		ADDED from src\main\AndroidManifest.xml:51:43-76
	android:configChanges
		ADDED from src\main\AndroidManifest.xml:52:17-87
	android:name
		ADDED from src\main\AndroidManifest.xml:51:19-42
activity#com.cn.daming.deskclock.SettingsActivity
ADDED from src\main\AndroidManifest.xml:54:9-62:20
	android:label
		ADDED from src\main\AndroidManifest.xml:55:17-49
	android:excludeFromRecents
		ADDED from src\main\AndroidManifest.xml:57:17-50
	android:taskAffinity
		ADDED from src\main\AndroidManifest.xml:56:17-40
	android:name
		ADDED from src\main\AndroidManifest.xml:54:19-50
intent-filter#android.intent.action.MAIN
ADDED from src\main\AndroidManifest.xml:59:13-61:29
activity#com.cn.daming.deskclock.AlarmAlertFullScreen
ADDED from src\main\AndroidManifest.xml:64:8-69:84
	android:excludeFromRecents
		ADDED from src\main\AndroidManifest.xml:65:12-45
	android:launchMode
		ADDED from src\main\AndroidManifest.xml:67:12-47
	android:configChanges
		ADDED from src\main\AndroidManifest.xml:69:12-82
	android:theme
		ADDED from src\main\AndroidManifest.xml:66:12-69
	android:taskAffinity
		ADDED from src\main\AndroidManifest.xml:68:12-35
	android:name
		ADDED from src\main\AndroidManifest.xml:64:18-53
receiver#com.cn.daming.deskclock.AlarmReceiver
ADDED from src\main\AndroidManifest.xml:71:9-77:20
	android:name
		ADDED from src\main\AndroidManifest.xml:71:19-47
intent-filter#alarm_killed+cancel_snooze+com.cn.daming.deskclock.ALARM_ALERT
ADDED from src\main\AndroidManifest.xml:72:13-76:29
action#com.cn.daming.deskclock.ALARM_ALERT
ADDED from src\main\AndroidManifest.xml:73:17-78
	android:name
		ADDED from src\main\AndroidManifest.xml:73:25-75
action#alarm_killed
ADDED from src\main\AndroidManifest.xml:74:17-55
	android:name
		ADDED from src\main\AndroidManifest.xml:74:25-52
action#cancel_snooze
ADDED from src\main\AndroidManifest.xml:75:17-56
	android:name
		ADDED from src\main\AndroidManifest.xml:75:25-53
activity#com.cn.daming.deskclock.AlarmAlert
ADDED from src\main\AndroidManifest.xml:79:9-84:85
	android:excludeFromRecents
		ADDED from src\main\AndroidManifest.xml:80:13-46
	android:launchMode
		ADDED from src\main\AndroidManifest.xml:82:13-48
	android:configChanges
		ADDED from src\main\AndroidManifest.xml:84:13-83
	android:theme
		ADDED from src\main\AndroidManifest.xml:81:13-47
	android:taskAffinity
		ADDED from src\main\AndroidManifest.xml:83:13-36
	android:name
		ADDED from src\main\AndroidManifest.xml:79:19-44
activity#com.cn.daming.deskclock.HandleSetAlarm
ADDED from src\main\AndroidManifest.xml:87:9-95:20
	android:excludeFromRecents
		ADDED from src\main\AndroidManifest.xml:89:17-50
	android:permission
		ADDED from src\main\AndroidManifest.xml:90:17-76
	android:theme
		ADDED from src\main\AndroidManifest.xml:88:17-63
	android:name
		ADDED from src\main\AndroidManifest.xml:87:19-48
intent-filter#android.intent.action.SET_ALARM+android.intent.category.DEFAULT
ADDED from src\main\AndroidManifest.xml:91:13-94:29
action#android.intent.action.SET_ALARM
ADDED from src\main\AndroidManifest.xml:92:17-74
	android:name
		ADDED from src\main\AndroidManifest.xml:92:25-71
category#android.intent.category.DEFAULT
ADDED from src\main\AndroidManifest.xml:93:17-76
	android:name
		ADDED from src\main\AndroidManifest.xml:93:27-73
service#com.cn.daming.deskclock.AlarmKlaxon
ADDED from src\main\AndroidManifest.xml:103:9-109:19
	android:description
		ADDED from src\main\AndroidManifest.xml:104:17-72
	android:name
		ADDED from src\main\AndroidManifest.xml:103:18-44
intent-filter#com.cn.daming.deskclock.ALARM_ALERT
ADDED from src\main\AndroidManifest.xml:106:13-108:29
receiver#com.cn.daming.deskclock.AlarmInitReceiver
ADDED from src\main\AndroidManifest.xml:111:9-118:20
	android:name
		ADDED from src\main\AndroidManifest.xml:111:19-51
intent-filter#android.intent.action.BOOT_COMPLETED+android.intent.action.LOCALE_CHANGED+android.intent.action.TIMEZONE_CHANGED+android.intent.action.TIME_SET
ADDED from src\main\AndroidManifest.xml:112:13-117:29
action#android.intent.action.BOOT_COMPLETED
ADDED from src\main\AndroidManifest.xml:113:17-79
	android:name
		ADDED from src\main\AndroidManifest.xml:113:25-76
action#android.intent.action.TIME_SET
ADDED from src\main\AndroidManifest.xml:114:17-73
	android:name
		ADDED from src\main\AndroidManifest.xml:114:25-70
action#android.intent.action.TIMEZONE_CHANGED
ADDED from src\main\AndroidManifest.xml:115:17-81
	android:name
		ADDED from src\main\AndroidManifest.xml:115:25-78
action#android.intent.action.LOCALE_CHANGED
ADDED from src\main\AndroidManifest.xml:116:17-79
	android:name
		ADDED from src\main\AndroidManifest.xml:116:25-76